  main.cpp
C:\Raul\programming\cpp\LabGraph\LabGraph\LabGraph\Graph.h(78,10): warning C4804: <: небезопасное использование типа "bool" в операции
C:\Raul\programming\cpp\LabGraph\LabGraph\LabGraph\Graph.h(76): message : во время компиляции функции-члена класс шаблон "void MatrixGraph<int>::RemoveArc(int,int)"
C:\Raul\programming\cpp\LabGraph\LabGraph\LabGraph\main.cpp(49): message : выполняется компиляция ссылки на экземпляр шаблон функции "void MatrixGraph<int>::RemoveArc(int,int)"
C:\Raul\programming\cpp\LabGraph\LabGraph\LabGraph\main.cpp(37): message : выполняется компиляция ссылки на экземпляр класс шаблон функции "MatrixGraph<int>"
C:\Raul\programming\cpp\LabGraph\LabGraph\LabGraph\Graph.h(78,41): warning C4804: <: небезопасное использование типа "bool" в операции
C:\Raul\programming\cpp\LabGraph\LabGraph\LabGraph\Graph.h(68,10): warning C4804: <: небезопасное использование типа "bool" в операции
C:\Raul\programming\cpp\LabGraph\LabGraph\LabGraph\Graph.h(66): message : во время компиляции функции-члена класс шаблон "void MatrixGraph<int>::AddArc(int,int,int)"
C:\Raul\programming\cpp\LabGraph\LabGraph\LabGraph\main.cpp(45): message : выполняется компиляция ссылки на экземпляр шаблон функции "void MatrixGraph<int>::AddArc(int,int,int)"
C:\Raul\programming\cpp\LabGraph\LabGraph\LabGraph\Graph.h(68,41): warning C4804: <: небезопасное использование типа "bool" в операции
C:\Raul\programming\cpp\LabGraph\LabGraph\LabGraph\Sequence.h(127,2): warning C4018: <: несоответствие типов со знаком и без знака
C:\Raul\programming\cpp\LabGraph\LabGraph\LabGraph\Sequence.h(125): message : во время компиляции функции-члена класс шаблон "Sequence<T> *ArraySequence<T>::Concat(Sequence<T> *)"
          with
          [
              T=int
          ]
C:\Raul\programming\cpp\LabGraph\LabGraph\LabGraph\Graph.h(19): message : выполняется компиляция ссылки на экземпляр класс шаблон функции "ArraySequence<int>"
C:\Raul\programming\cpp\LabGraph\LabGraph\LabGraph\Sequence.h(131,2): warning C4018: <: несоответствие типов со знаком и без знака
C:\Raul\programming\cpp\LabGraph\LabGraph\LabGraph\Sequence.h(116,2): warning C4018: <: несоответствие типов со знаком и без знака
C:\Raul\programming\cpp\LabGraph\LabGraph\LabGraph\Sequence.h(109): message : во время компиляции функции-члена класс шаблон "Sequence<T> *ArraySequence<T>::GetSubSequence(const size_t,const size_t)"
          with
          [
              T=int
          ]
C:\Raul\programming\cpp\LabGraph\LabGraph\LabGraph\Sequence.h(117,11): warning C4018: >=: несоответствие типов со знаком и без знака
C:\Raul\programming\cpp\LabGraph\LabGraph\LabGraph\Sequence.h(117,27): warning C4018: <=: несоответствие типов со знаком и без знака
C:\Raul\programming\cpp\LabGraph\LabGraph\LabGraph\PriorityQueue.h(31,2): warning C4018: <: несоответствие типов со знаком и без знака
C:\Raul\programming\cpp\LabGraph\LabGraph\LabGraph\PriorityQueue.h(23): message : во время компиляции функции-члена класс шаблон "void PriorityQueue<int>::Enqueue(T,int)"
          with
          [
              T=int
          ]
C:\Raul\programming\cpp\LabGraph\LabGraph\LabGraph\Graph.h(117): message : выполняется компиляция ссылки на экземпляр шаблон функции "void PriorityQueue<int>::Enqueue(T,int)"
          with
          [
              T=int
          ]
C:\Raul\programming\cpp\LabGraph\LabGraph\LabGraph\Graph.h(116): message : выполняется компиляция ссылки на экземпляр класс шаблон функции "PriorityQueue<int>"
C:\Raul\programming\cpp\LabGraph\LabGraph\LabGraph\Graph.h(151): message : выполняется компиляция ссылки на экземпляр класс шаблон функции "MatrixGraph<T>"
C:\Raul\programming\cpp\LabGraph\LabGraph\LabGraph\Sequence.h(251,2): warning C4018: <: несоответствие типов со знаком и без знака
C:\Raul\programming\cpp\LabGraph\LabGraph\LabGraph\Sequence.h(249): message : во время компиляции функции-члена класс шаблон "Sequence<T> *LinkedListSequence<T>::Concat(Sequence<T> *)"
          with
          [
              T=Item<int>
          ]
C:\Raul\programming\cpp\LabGraph\LabGraph\LabGraph\PriorityQueue.h(74): message : выполняется компиляция ссылки на экземпляр класс шаблон функции "LinkedListSequence<Item<T>>"
          with
          [
              T=int
          ]
C:\Raul\programming\cpp\LabGraph\LabGraph\LabGraph\PriorityQueue.h(73): message : во время компиляции функции-члена класс шаблон "PriorityQueue<int>::~PriorityQueue(void)"
C:\Raul\programming\cpp\LabGraph\LabGraph\LabGraph\Graph.h(116): message : выполняется компиляция ссылки на экземпляр шаблон функции "PriorityQueue<int>::~PriorityQueue(void)"
C:\Raul\programming\cpp\LabGraph\LabGraph\LabGraph\Sequence.h(255,2): warning C4018: <: несоответствие типов со знаком и без знака
C:\Raul\programming\cpp\LabGraph\LabGraph\LabGraph\Sequence.h(239,55): warning C4018: >=: несоответствие типов со знаком и без знака
C:\Raul\programming\cpp\LabGraph\LabGraph\LabGraph\Sequence.h(237): message : во время компиляции функции-члена класс шаблон "Sequence<T> *LinkedListSequence<T>::GetSubSequence(const size_t,const size_t)"
          with
          [
              T=Item<int>
          ]
C:\Raul\programming\cpp\LabGraph\LabGraph\LabGraph\Sequence.h(239,76): warning C4018: >=: несоответствие типов со знаком и без знака
C:\Raul\programming\cpp\LabGraph\LabGraph\LabGraph\Sequence.h(243,2): warning C4018: <=: несоответствие типов со знаком и без знака
C:\Raul\programming\cpp\LabGraph\LabGraph\LabGraph\Sequence.h(324,20): warning C4018: <: несоответствие типов со знаком и без знака
C:\Raul\programming\cpp\LabGraph\LabGraph\LabGraph\main.cpp(53): message : выполняется компиляция ссылки на экземпляр шаблон функции "std::ostream &operator <<<T>(std::ostream &,Sequence<T> *)"
          with
          [
              T=int
          ]
C:\Raul\programming\cpp\LabGraph\LabGraph\LabGraph\LinkedList.h(110,21): warning C4018: <: несоответствие типов со знаком и без знака
C:\Raul\programming\cpp\LabGraph\LabGraph\LabGraph\LinkedList.h(104): message : во время компиляции функции-члена класс шаблон "void LinkedList<T>::Set(const T &,const size_t)"
          with
          [
              T=Item<int>
          ]
C:\Raul\programming\cpp\LabGraph\LabGraph\LabGraph\Sequence.h(210): message : выполняется компиляция ссылки на экземпляр шаблон функции "void LinkedList<T>::Set(const T &,const size_t)"
          with
          [
              T=Item<int>
          ]
C:\Raul\programming\cpp\LabGraph\LabGraph\LabGraph\Sequence.h(319): message : выполняется компиляция ссылки на экземпляр класс шаблон функции "LinkedList<T>"
          with
          [
              T=Item<int>
          ]
C:\Raul\programming\cpp\LabGraph\LabGraph\LabGraph\LinkedList.h(126,21): warning C4018: <: несоответствие типов со знаком и без знака
C:\Raul\programming\cpp\LabGraph\LabGraph\LabGraph\LinkedList.h(119): message : во время компиляции функции-члена класс шаблон "T &LinkedList<T>::Get(size_t) const"
          with
          [
              T=Item<int>
          ]
C:\Raul\programming\cpp\LabGraph\LabGraph\LabGraph\Sequence.h(214): message : выполняется компиляция ссылки на экземпляр шаблон функции "T &LinkedList<T>::Get(size_t) const"
          with
          [
              T=Item<int>
          ]
C:\Raul\programming\cpp\LabGraph\LabGraph\LabGraph\LinkedList.h(186,22): warning C4018: <: несоответствие типов со знаком и без знака
C:\Raul\programming\cpp\LabGraph\LabGraph\LabGraph\LinkedList.h(168): message : во время компиляции функции-члена класс шаблон "void LinkedList<T>::InsertAt(const T &,size_t)"
          with
          [
              T=Item<int>
          ]
C:\Raul\programming\cpp\LabGraph\LabGraph\LabGraph\Sequence.h(234): message : выполняется компиляция ссылки на экземпляр шаблон функции "void LinkedList<T>::InsertAt(const T &,size_t)"
          with
          [
              T=Item<int>
          ]
C:\Raul\programming\cpp\LabGraph\LabGraph\LabGraph\LinkedList.h(257,21): warning C4018: <: несоответствие типов со знаком и без знака
C:\Raul\programming\cpp\LabGraph\LabGraph\LabGraph\LinkedList.h(238): message : во время компиляции функции-члена класс шаблон "void LinkedList<T>::RemoveAt(size_t)"
          with
          [
              T=Item<int>
          ]
C:\Raul\programming\cpp\LabGraph\LabGraph\LabGraph\Sequence.h(281): message : выполняется компиляция ссылки на экземпляр шаблон функции "void LinkedList<T>::RemoveAt(size_t)"
          with
          [
              T=Item<int>
          ]
  LabGraph.vcxproj -> C:\Raul\programming\cpp\LabGraph\LabGraph\Debug\LabGraph.exe
